<?xml version="1.0" encoding="UTF-8"?>
<!-- Generated by org.testng.reporters.JUnitXMLReporter -->
<testsuite ignored="0" hostname="DESKTOP-HF1AAIU" failures="0" tests="20" name="BookStore API Tests" time="4.558" errors="0" timestamp="2025-08-16T13:16:44 IST">
  <testcase classname="com.bookapi.testcases.HealthCheckTest" name="validatingServiceHealth" time="2.238"/>
  <testcase classname="com.bookapi.testcases.CreateUserSignupTest" name="createNewUser" time="0.385"/>
  <testcase classname="com.bookapi.testcases.CreateUserSignupTest" name="createExistingUser" time="0.027"/>
  <testcase classname="com.bookapi.testcases.LoginForAccessTokenTest" name="loginUsingnewlyCreatedUser" time="0.269"/>
  <testcase classname="com.bookapi.testcases.LoginForAccessTokenTest" name="loginUsingIncorrectCred" time="0.261"/>
  <testcase classname="com.bookapi.testcases.LoginForAccessTokenTest" name="loginUsingIncorrectCred" time="0.022"/>
  <testcase classname="com.bookapi.testcases.LoginForAccessTokenTest" name="loginUsingIncorrectCred" time="0.268"/>
  <testcase classname="com.bookapi.testcases.LoginForAccessTokenTest" name="loginUsingIncorrectCred" time="0.274"/>
  <testcase classname="com.bookapi.testcases.GetAllBooksTest" name="validatingBooksAreDisplayed" time="0.033"/>
  <testcase classname="com.bookapi.testcases.GetAllBooksTest" name="NoBooksDisplayedForInvalidToken" time="0.017"/>
  <testcase classname="com.bookapi.testcases.GetAllBooksTest" name="NoBooksDisplayedForNoToken" time="0.027"/>
  <testcase classname="com.bookapi.testcases.CreateBookTest" name="validatingUserAbleToCreateNewBook" time="0.038"/>
  <testcase classname="com.bookapi.testcases.CreateBookTest" name="validatingNewBookIsDisplayedInList" time="0.048"/>
  <testcase classname="com.bookapi.testcases.GetBookByIdTest" name="validatingIfUserAbleToSearchBookByID" time="0.051"/>
  <testcase classname="com.bookapi.testcases.GetBookByIdTest" name="validatingIfUserAbleToSearchIncorrectBookByID" time="0.025"/>
  <testcase classname="com.bookapi.testcases.UpdateBookTest" name="validateUserAbleToUpdateNewlyAddedBook" time="0.127"/>
  <testcase classname="com.bookapi.testcases.UpdateBookTest" name="validatingIfUserAbleToSearchUpdatedBookByID" time="0.028"/>
  <testcase classname="com.bookapi.testcases.DeleteBookTest" name="validatingIfUserAbleToDeleteBookByID" time="0.033"/>
  <testcase classname="com.bookapi.testcases.DeleteBookTest" name="validatingIfUserAbleToDeleteBookByIDAgain" time="0.025"/>
  <testcase classname="com.bookapi.testcases.IncorrectJsonFormat" name="incorrectJSON" time="0.039"/>
</testsuite> <!-- BookStore API Tests -->
