<?xml version="1.0" encoding="UTF-8"?>
<!-- Generated by org.testng.reporters.JUnitXMLReporter -->
<testsuite ignored="0" hostname="DESKTOP-HF1AAIU" failures="0" tests="19" name="BookStore API Tests" time="4.312" errors="0" timestamp="2025-08-15T18:29:48 IST">
  <testcase classname="com.bookapi.testcases.HealthCheckTest" name="validatingServiceHealth" time="2.101"/>
  <testcase classname="com.bookapi.testcases.CreateUserSignupTest" name="createNewUser" time="0.409"/>
  <testcase classname="com.bookapi.testcases.CreateUserSignupTest" name="createExistingUser" time="0.027"/>
  <testcase classname="com.bookapi.testcases.LoginForAccessTokenTest" name="loginUsingnewlyCreatedUser" time="0.276"/>
  <testcase classname="com.bookapi.testcases.LoginForAccessTokenTest" name="loginUsingIncorrectCred" time="0.257"/>
  <testcase classname="com.bookapi.testcases.LoginForAccessTokenTest" name="loginUsingIncorrectCred" time="0.021"/>
  <testcase classname="com.bookapi.testcases.LoginForAccessTokenTest" name="loginUsingIncorrectCred" time="0.256"/>
  <testcase classname="com.bookapi.testcases.LoginForAccessTokenTest" name="loginUsingIncorrectCred" time="0.264"/>
  <testcase classname="com.bookapi.testcases.GetAllBooksTest" name="validatingBooksAreDisplayed" time="0.052"/>
  <testcase classname="com.bookapi.testcases.GetAllBooksTest" name="NoBooksDisplayedForInvalidToken" time="0.024"/>
  <testcase classname="com.bookapi.testcases.GetAllBooksTest" name="NoBooksDisplayedForNoToken" time="0.014"/>
  <testcase classname="com.bookapi.testcases.CreateBookTest" name="validatingUserAbleToCreateNewBook" time="0.038"/>
  <testcase classname="com.bookapi.testcases.CreateBookTest" name="validatingNewBookIsDisplayedInList" time="0.078"/>
  <testcase classname="com.bookapi.testcases.GetBookByIdTest" name="validatingIfUserAbleToSearchBookByID" time="0.039"/>
  <testcase classname="com.bookapi.testcases.GetBookByIdTest" name="validatingIfUserAbleToSearchIncorrectBookByID" time="0.021"/>
  <testcase classname="com.bookapi.testcases.UpdateBookTest" name="validateUserAbleToUpdateNewlyAddedBook" time="0.062"/>
  <testcase classname="com.bookapi.testcases.UpdateBookTest" name="validatingIfUserAbleToSearchUpdatedBookByID" time="0.019"/>
  <testcase classname="com.bookapi.testcases.DeleteBookTest" name="validatingIfUserAbleToDeleteBookByID" time="0.034"/>
  <testcase classname="com.bookapi.testcases.DeleteBookTest" name="validatingIfUserAbleToDeleteBookByIDAgain" time="0.018"/>
</testsuite> <!-- BookStore API Tests -->
