<?xml version="1.0" encoding="UTF-8"?>
<testng-results ignored="0" total="19" passed="19" failed="0" skipped="0">
  <reporter-output>
  </reporter-output>
  <suite started-at="2025-08-15T20:02:41 IST" name="BookStore API Test Suite" finished-at="2025-08-15T20:02:45 IST" duration-ms="4680">
    <groups>
      <group name="userCreation">
        <method signature="CreateUserSignupTest.createNewUser()[pri:2, instance:com.bookapi.testcases.CreateUserSignupTest@449a4f23]" name="createNewUser" class="com.bookapi.testcases.CreateUserSignupTest"/>
      </group> <!-- userCreation -->
    </groups>
    <test started-at="2025-08-15T20:02:41 IST" name="BookStore API Tests" finished-at="2025-08-15T20:02:45 IST" duration-ms="4680">
      <class name="com.bookapi.testcases.CreateBookTest">
        <test-method signature="validatingUserAbleToCreateNewBook()[pri:9, instance:com.bookapi.testcases.CreateBookTest@78e4deb0]" started-at="2025-08-15T20:02:45 IST" name="validatingUserAbleToCreateNewBook" description="Validating if user able to create a book" finished-at="2025-08-15T20:02:45 IST" duration-ms="46" status="PASS">
          <reporter-output>
          </reporter-output>
        </test-method> <!-- validatingUserAbleToCreateNewBook -->
        <test-method signature="validatingNewBookIsDisplayedInList()[pri:10, instance:com.bookapi.testcases.CreateBookTest@78e4deb0]" started-at="2025-08-15T20:02:45 IST" name="validatingNewBookIsDisplayedInList" description="Validating if newly created book is displayed in the list of all the books" finished-at="2025-08-15T20:02:45 IST" depends-on-methods="com.bookapi.testcases.CreateBookTest.validatingUserAbleToCreateNewBook" duration-ms="43" status="PASS">
          <reporter-output>
          </reporter-output>
        </test-method> <!-- validatingNewBookIsDisplayedInList -->
      </class> <!-- com.bookapi.testcases.CreateBookTest -->
      <class name="com.bookapi.testcases.UpdateBookTest">
        <test-method signature="validateUserAbleToUpdateNewlyAddedBook()[pri:12, instance:com.bookapi.testcases.UpdateBookTest@7d0b7e3c]" started-at="2025-08-15T20:02:45 IST" name="validateUserAbleToUpdateNewlyAddedBook" description="Updating newly added book" finished-at="2025-08-15T20:02:45 IST" duration-ms="67" status="PASS">
          <reporter-output>
          </reporter-output>
        </test-method> <!-- validateUserAbleToUpdateNewlyAddedBook -->
        <test-method signature="validatingIfUserAbleToSearchUpdatedBookByID()[pri:13, instance:com.bookapi.testcases.UpdateBookTest@7d0b7e3c]" started-at="2025-08-15T20:02:45 IST" name="validatingIfUserAbleToSearchUpdatedBookByID" description="Validating newly created book can be searched using ID" finished-at="2025-08-15T20:02:45 IST" depends-on-methods="com.bookapi.testcases.UpdateBookTest.validateUserAbleToUpdateNewlyAddedBook" duration-ms="26" status="PASS">
          <reporter-output>
          </reporter-output>
        </test-method> <!-- validatingIfUserAbleToSearchUpdatedBookByID -->
      </class> <!-- com.bookapi.testcases.UpdateBookTest -->
      <class name="com.bookapi.testcases.LoginForAccessTokenTest">
        <test-method signature="loginUsingnewlyCreatedUser()[pri:4, instance:com.bookapi.testcases.LoginForAccessTokenTest@1530c739]" started-at="2025-08-15T20:02:44 IST" name="loginUsingnewlyCreatedUser" description="Login using newly created user" depends-on-groups="userCreation" finished-at="2025-08-15T20:02:44 IST" duration-ms="283" status="PASS">
          <reporter-output>
          </reporter-output>
        </test-method> <!-- loginUsingnewlyCreatedUser -->
        <test-method signature="loginUsingIncorrectCred(java.lang.String,java.lang.String)[pri:5, instance:com.bookapi.testcases.LoginForAccessTokenTest@1530c739]" started-at="2025-08-15T20:02:44 IST" name="loginUsingIncorrectCred" description="NEGATIVE: Login using incorrect credentails" data-provider="setOfInvalidCreds" finished-at="2025-08-15T20:02:44 IST" duration-ms="261" status="PASS">
          <params>
            <param index="0">
              <value>
                <![CDATA[user8966@example.com]]>
              </value>
            </param>
            <param index="1">
              <value>
                <![CDATA[Incorrectpwd]]>
              </value>
            </param>
          </params>
          <reporter-output>
          </reporter-output>
        </test-method> <!-- loginUsingIncorrectCred -->
        <test-method signature="loginUsingIncorrectCred(java.lang.String,java.lang.String)[pri:5, instance:com.bookapi.testcases.LoginForAccessTokenTest@1530c739]" started-at="2025-08-15T20:02:44 IST" name="loginUsingIncorrectCred" description="NEGATIVE: Login using incorrect credentails" data-provider="setOfInvalidCreds" finished-at="2025-08-15T20:02:44 IST" duration-ms="21" status="PASS">
          <params>
            <param index="0">
              <value>
                <![CDATA[IncorrectUser]]>
              </value>
            </param>
            <param index="1">
              <value>
                <![CDATA[pwd5449]]>
              </value>
            </param>
          </params>
          <reporter-output>
          </reporter-output>
        </test-method> <!-- loginUsingIncorrectCred -->
        <test-method signature="loginUsingIncorrectCred(java.lang.String,java.lang.String)[pri:5, instance:com.bookapi.testcases.LoginForAccessTokenTest@1530c739]" started-at="2025-08-15T20:02:44 IST" name="loginUsingIncorrectCred" description="NEGATIVE: Login using incorrect credentails" data-provider="setOfInvalidCreds" finished-at="2025-08-15T20:02:45 IST" duration-ms="259" status="PASS">
          <params>
            <param index="0">
              <value>
                <![CDATA[user8966@example.com]]>
              </value>
            </param>
            <param index="1">
              <value>
                <![CDATA[]]>
              </value>
            </param>
          </params>
          <reporter-output>
          </reporter-output>
        </test-method> <!-- loginUsingIncorrectCred -->
        <test-method signature="loginUsingIncorrectCred(java.lang.String,java.lang.String)[pri:5, instance:com.bookapi.testcases.LoginForAccessTokenTest@1530c739]" started-at="2025-08-15T20:02:45 IST" name="loginUsingIncorrectCred" description="NEGATIVE: Login using incorrect credentails" data-provider="setOfInvalidCreds" finished-at="2025-08-15T20:02:45 IST" duration-ms="263" status="PASS">
          <params>
            <param index="0">
              <value>
                <![CDATA[]]>
              </value>
            </param>
            <param index="1">
              <value>
                <![CDATA[pwd5449]]>
              </value>
            </param>
          </params>
          <reporter-output>
          </reporter-output>
        </test-method> <!-- loginUsingIncorrectCred -->
      </class> <!-- com.bookapi.testcases.LoginForAccessTokenTest -->
      <class name="com.bookapi.testcases.HealthCheckTest">
        <test-method signature="validatingServiceHealth()[pri:1, instance:com.bookapi.testcases.HealthCheckTest@2ddc9a9f]" started-at="2025-08-15T20:02:41 IST" name="validatingServiceHealth" description="PreRequiste- Validating if Server is up and running." finished-at="2025-08-15T20:02:43 IST" duration-ms="2416" status="PASS">
          <reporter-output>
          </reporter-output>
        </test-method> <!-- validatingServiceHealth -->
      </class> <!-- com.bookapi.testcases.HealthCheckTest -->
      <class name="com.bookapi.testcases.GetBookByIdTest">
        <test-method signature="validatingIfUserAbleToSearchBookByID()[pri:11, instance:com.bookapi.testcases.GetBookByIdTest@6e9175d8]" started-at="2025-08-15T20:02:45 IST" name="validatingIfUserAbleToSearchBookByID" description="Validating newly created book can be searched using ID" finished-at="2025-08-15T20:02:45 IST" duration-ms="58" status="PASS">
          <reporter-output>
          </reporter-output>
        </test-method> <!-- validatingIfUserAbleToSearchBookByID -->
        <test-method signature="validatingIfUserAbleToSearchIncorrectBookByID()[pri:11, instance:com.bookapi.testcases.GetBookByIdTest@6e9175d8]" started-at="2025-08-15T20:02:45 IST" name="validatingIfUserAbleToSearchIncorrectBookByID" description="NEGATIVE: Validating user unable to search a book with incorrect ID" finished-at="2025-08-15T20:02:45 IST" duration-ms="19" status="PASS">
          <reporter-output>
          </reporter-output>
        </test-method> <!-- validatingIfUserAbleToSearchIncorrectBookByID -->
      </class> <!-- com.bookapi.testcases.GetBookByIdTest -->
      <class name="com.bookapi.testcases.CreateUserSignupTest">
        <test-method signature="createNewUser()[pri:2, instance:com.bookapi.testcases.CreateUserSignupTest@449a4f23]" started-at="2025-08-15T20:02:43 IST" name="createNewUser" description="Validating creation of new user" finished-at="2025-08-15T20:02:44 IST" duration-ms="385" status="PASS">
          <reporter-output>
          </reporter-output>
        </test-method> <!-- createNewUser -->
        <test-method signature="createExistingUser()[pri:3, instance:com.bookapi.testcases.CreateUserSignupTest@449a4f23]" started-at="2025-08-15T20:02:44 IST" name="createExistingUser" description="NEGATIVE: Validating creation of new user with existing email and id" finished-at="2025-08-15T20:02:44 IST" depends-on-methods="com.bookapi.testcases.CreateUserSignupTest.createNewUser" duration-ms="33" status="PASS">
          <reporter-output>
          </reporter-output>
        </test-method> <!-- createExistingUser -->
      </class> <!-- com.bookapi.testcases.CreateUserSignupTest -->
      <class name="com.bookapi.testcases.GetAllBooksTest">
        <test-method signature="validatingBooksAreDisplayed()[pri:6, instance:com.bookapi.testcases.GetAllBooksTest@5b1669c0]" started-at="2025-08-15T20:02:45 IST" name="validatingBooksAreDisplayed" description="Validating if books are displayed" finished-at="2025-08-15T20:02:45 IST" duration-ms="35" status="PASS">
          <reporter-output>
          </reporter-output>
        </test-method> <!-- validatingBooksAreDisplayed -->
        <test-method signature="NoBooksDisplayedForInvalidToken()[pri:7, instance:com.bookapi.testcases.GetAllBooksTest@5b1669c0]" started-at="2025-08-15T20:02:45 IST" name="NoBooksDisplayedForInvalidToken" description="NEGATIVE: Validating if books are not displayed when invalid token used" finished-at="2025-08-15T20:02:45 IST" duration-ms="23" status="PASS">
          <reporter-output>
          </reporter-output>
        </test-method> <!-- NoBooksDisplayedForInvalidToken -->
        <test-method signature="NoBooksDisplayedForNoToken()[pri:8, instance:com.bookapi.testcases.GetAllBooksTest@5b1669c0]" started-at="2025-08-15T20:02:45 IST" name="NoBooksDisplayedForNoToken" description="NEGATIVE: Validating if books are displayed when no token used" finished-at="2025-08-15T20:02:45 IST" duration-ms="18" status="PASS">
          <reporter-output>
          </reporter-output>
        </test-method> <!-- NoBooksDisplayedForNoToken -->
      </class> <!-- com.bookapi.testcases.GetAllBooksTest -->
      <class name="com.bookapi.testcases.DeleteBookTest">
        <test-method signature="validatingIfUserAbleToDeleteBookByID()[pri:14, instance:com.bookapi.testcases.DeleteBookTest@15bb5034]" started-at="2025-08-15T20:02:45 IST" name="validatingIfUserAbleToDeleteBookByID" description="Delating newly created book can be searched using ID" finished-at="2025-08-15T20:02:45 IST" duration-ms="43" status="PASS">
          <reporter-output>
          </reporter-output>
        </test-method> <!-- validatingIfUserAbleToDeleteBookByID -->
        <test-method signature="validatingIfUserAbleToDeleteBookByIDAgain()[pri:14, instance:com.bookapi.testcases.DeleteBookTest@15bb5034]" started-at="2025-08-15T20:02:45 IST" name="validatingIfUserAbleToDeleteBookByIDAgain" description="NEGATIVE: againDelating newly created book can be searched using ID" finished-at="2025-08-15T20:02:45 IST" depends-on-methods="com.bookapi.testcases.DeleteBookTest.validatingIfUserAbleToDeleteBookByID" duration-ms="40" status="PASS">
          <reporter-output>
          </reporter-output>
        </test-method> <!-- validatingIfUserAbleToDeleteBookByIDAgain -->
      </class> <!-- com.bookapi.testcases.DeleteBookTest -->
    </test> <!-- BookStore API Tests -->
  </suite> <!-- BookStore API Test Suite -->
</testng-results>
