<?xml version="1.0" encoding="UTF-8"?>
<!-- Generated by org.testng.reporters.JUnitXMLReporter -->
<testsuite ignored="0" hostname="DESKTOP-HF1AAIU" failures="0" tests="19" name="BookStore API Tests" time="4.702" errors="0" timestamp="2025-08-15T20:02:19 IST">
  <testcase classname="com.bookapi.testcases.HealthCheckTest" name="validatingServiceHealth" time="2.369"/>
  <testcase classname="com.bookapi.testcases.CreateUserSignupTest" name="createNewUser" time="0.403"/>
  <testcase classname="com.bookapi.testcases.CreateUserSignupTest" name="createExistingUser" time="0.037"/>
  <testcase classname="com.bookapi.testcases.LoginForAccessTokenTest" name="loginUsingnewlyCreatedUser" time="0.303"/>
  <testcase classname="com.bookapi.testcases.LoginForAccessTokenTest" name="loginUsingIncorrectCred" time="0.283"/>
  <testcase classname="com.bookapi.testcases.LoginForAccessTokenTest" name="loginUsingIncorrectCred" time="0.025"/>
  <testcase classname="com.bookapi.testcases.LoginForAccessTokenTest" name="loginUsingIncorrectCred" time="0.272"/>
  <testcase classname="com.bookapi.testcases.LoginForAccessTokenTest" name="loginUsingIncorrectCred" time="0.272"/>
  <testcase classname="com.bookapi.testcases.GetAllBooksTest" name="validatingBooksAreDisplayed" time="0.036"/>
  <testcase classname="com.bookapi.testcases.GetAllBooksTest" name="NoBooksDisplayedForInvalidToken" time="0.025"/>
  <testcase classname="com.bookapi.testcases.GetAllBooksTest" name="NoBooksDisplayedForNoToken" time="0.021"/>
  <testcase classname="com.bookapi.testcases.CreateBookTest" name="validatingUserAbleToCreateNewBook" time="0.051"/>
  <testcase classname="com.bookapi.testcases.CreateBookTest" name="validatingNewBookIsDisplayedInList" time="0.057"/>
  <testcase classname="com.bookapi.testcases.GetBookByIdTest" name="validatingIfUserAbleToSearchBookByID" time="0.03"/>
  <testcase classname="com.bookapi.testcases.GetBookByIdTest" name="validatingIfUserAbleToSearchIncorrectBookByID" time="0.024"/>
  <testcase classname="com.bookapi.testcases.UpdateBookTest" name="validateUserAbleToUpdateNewlyAddedBook" time="0.079"/>
  <testcase classname="com.bookapi.testcases.UpdateBookTest" name="validatingIfUserAbleToSearchUpdatedBookByID" time="0.03"/>
  <testcase classname="com.bookapi.testcases.DeleteBookTest" name="validatingIfUserAbleToDeleteBookByID" time="0.045"/>
  <testcase classname="com.bookapi.testcases.DeleteBookTest" name="validatingIfUserAbleToDeleteBookByIDAgain" time="0.035"/>
</testsuite> <!-- BookStore API Tests -->
